2024-03-16T22:35:33.038+01:00  INFO 575036 --- [demo] [main] com.example.demo.DemoApplication         : Starting DemoApplication using Java 17.0.6 with PID 575036 (D:\Medcenterr\demo\target\classes started by PC in D:\Medcenterr\demo)
2024-03-16T22:35:33.040+01:00  INFO 575036 --- [demo] [main] com.example.demo.DemoApplication         : The following 1 profile is active: "dev"
2024-03-16T22:35:33.738+01:00  INFO 575036 --- [demo] [main] .s.d.r.c.RepositoryConfigurationDelegate : Multiple Spring Data modules found, entering strict repository configuration mode
2024-03-16T22:35:33.741+01:00  INFO 575036 --- [demo] [main] .s.d.r.c.RepositoryConfigurationDelegate : Bootstrapping Spring Data MongoDB repositories in DEFAULT mode.
2024-03-16T22:35:33.767+01:00  INFO 575036 --- [demo] [main] .s.d.r.c.RepositoryConfigurationDelegate : Finished Spring Data repository scanning in 18 ms. Found 0 MongoDB repository interfaces.
2024-03-16T22:35:34.198+01:00  INFO 575036 --- [demo] [main] o.s.b.w.embedded.tomcat.TomcatWebServer  : Tomcat initialized with port 8080 (http)
2024-03-16T22:35:34.209+01:00  INFO 575036 --- [demo] [main] o.apache.catalina.core.StandardService   : Starting service [Tomcat]
2024-03-16T22:35:34.210+01:00  INFO 575036 --- [demo] [main] o.apache.catalina.core.StandardEngine    : Starting Servlet engine: [Apache Tomcat/10.1.19]
2024-03-16T22:35:34.276+01:00  INFO 575036 --- [demo] [main] o.a.c.c.C.[.[localhost].[/api/v1]        : Initializing Spring embedded WebApplicationContext
2024-03-16T22:35:34.276+01:00  INFO 575036 --- [demo] [main] w.s.c.ServletWebServerApplicationContext : Root WebApplicationContext: initialization completed in 1195 ms
2024-03-16T22:35:35.197+01:00  WARN 575036 --- [demo] [main] ion$DefaultTemplateResolverConfiguration : Cannot find template location: classpath:/templates/ (please add some templates, check your Thymeleaf configuration, or set spring.thymeleaf.check-template-location=false)
2024-03-16T22:35:35.712+01:00  INFO 575036 --- [demo] [main] org.mongodb.driver.client                : MongoClient with metadata {"driver": {"name": "mongo-java-driver|sync|spring-boot", "version": "4.11.1"}, "os": {"type": "Windows", "name": "Windows 10", "architecture": "amd64", "version": "10.0"}, "platform": "Java/Amazon.com Inc./17.0.6+10-LTS"} created with settings MongoClientSettings{readPreference=primary, writeConcern=WriteConcern{w=null, wTimeout=null ms, journal=null}, retryWrites=true, retryReads=true, readConcern=ReadConcern{level=null}, credential=MongoCredential{mechanism=null, userName='admin', source='admin', password=<hidden>, mechanismProperties=<hidden>}, transportSettings=null, streamFactoryFactory=null, commandListeners=[], codecRegistry=ProvidersCodecRegistry{codecProviders=[ValueCodecProvider{}, BsonValueCodecProvider{}, DBRefCodecProvider{}, DBObjectCodecProvider{}, DocumentCodecProvider{}, CollectionCodecProvider{}, IterableCodecProvider{}, MapCodecProvider{}, GeoJsonCodecProvider{}, GridFSFileCodecProvider{}, Jsr310CodecProvider{}, JsonObjectCodecProvider{}, BsonCodecProvider{}, EnumCodecProvider{}, com.mongodb.client.model.mql.ExpressionCodecProvider@335b3d6, com.mongodb.Jep395RecordCodecProvider@3a5ce4b8, com.mongodb.KotlinCodecProvider@38848217]}, loggerSettings=LoggerSettings{maxDocumentLength=1000}, clusterSettings={hosts=[localhost:27021], srvServiceName=mongodb, mode=SINGLE, requiredClusterType=UNKNOWN, requiredReplicaSetName='null', serverSelector='null', clusterListeners='[]', serverSelectionTimeout='30000 ms', localThreshold='15 ms'}, socketSettings=SocketSettings{connectTimeoutMS=10000, readTimeoutMS=0, receiveBufferSize=0, proxySettings=ProxySettings{host=null, port=null, username=null, password=null}}, heartbeatSocketSettings=SocketSettings{connectTimeoutMS=10000, readTimeoutMS=10000, receiveBufferSize=0, proxySettings=ProxySettings{host=null, port=null, username=null, password=null}}, connectionPoolSettings=ConnectionPoolSettings{maxSize=100, minSize=0, maxWaitTimeMS=120000, maxConnectionLifeTimeMS=0, maxConnectionIdleTimeMS=0, maintenanceInitialDelayMS=0, maintenanceFrequencyMS=60000, connectionPoolListeners=[], maxConnecting=2}, serverSettings=ServerSettings{heartbeatFrequencyMS=10000, minHeartbeatFrequencyMS=500, serverListeners='[]', serverMonitorListeners='[]'}, sslSettings=SslSettings{enabled=false, invalidHostNameAllowed=false, context=null}, applicationName='null', compressorList=[], uuidRepresentation=JAVA_LEGACY, serverApi=null, autoEncryptionSettings=null, dnsClient=null, inetAddressResolver=null, contextProvider=null}
2024-03-16T22:35:35.747+01:00  INFO 575036 --- [demo] [cluster-ClusterId{value='65f610a76e379a7d613454e3', description='null'}-localhost:27021] org.mongodb.driver.cluster               : Monitor thread successfully connected to server with description ServerDescription{address=localhost:27021, type=STANDALONE, state=CONNECTED, ok=true, minWireVersion=0, maxWireVersion=17, maxDocumentSize=16777216, logicalSessionTimeoutMinutes=30, roundTripTimeNanos=38974399}
2024-03-16T22:35:36.033+01:00  INFO 575036 --- [demo] [main] o.s.s.web.DefaultSecurityFilterChain     : Will secure any request with [org.springframework.security.web.session.DisableEncodeUrlFilter@1805ca5c, org.springframework.security.web.context.request.async.WebAsyncManagerIntegrationFilter@3e61cffd, org.springframework.security.web.context.SecurityContextHolderFilter@e67d3b7, org.springframework.security.web.header.HeaderWriterFilter@2447940d, org.springframework.web.filter.CorsFilter@3134b261, org.springframework.security.web.csrf.CsrfFilter@645c9f0f, org.springframework.security.web.authentication.logout.LogoutFilter@4c5e4bfa, org.springframework.security.web.authentication.UsernamePasswordAuthenticationFilter@18f8ebd4, org.springframework.security.web.authentication.ui.DefaultLoginPageGeneratingFilter@41492479, org.springframework.security.web.authentication.ui.DefaultLogoutPageGeneratingFilter@aa633e6, org.springframework.security.web.authentication.www.BasicAuthenticationFilter@29a1ec65, org.springframework.security.web.savedrequest.RequestCacheAwareFilter@5b715ea, org.springframework.security.web.servletapi.SecurityContextHolderAwareRequestFilter@787a0fd6, org.springframework.security.web.authentication.AnonymousAuthenticationFilter@3cc74fc4, org.springframework.security.web.access.ExceptionTranslationFilter@25c6ab3f, org.springframework.security.web.access.intercept.AuthorizationFilter@15bb8ed5]
2024-03-16T22:35:36.090+01:00  INFO 575036 --- [demo] [main] o.s.b.w.embedded.tomcat.TomcatWebServer  : Tomcat started on port 8080 (http) with context path '/api/v1'
2024-03-16T22:35:36.103+01:00  INFO 575036 --- [demo] [main] com.example.demo.DemoApplication         : Started DemoApplication in 3.551 seconds (process running for 4.661)
2024-03-16T22:35:43.583+01:00  INFO 575036 --- [demo] [http-nio-127.0.0.1-8080-exec-2] o.a.c.c.C.[.[localhost].[/api/v1]        : Initializing Spring DispatcherServlet 'dispatcherServlet'
2024-03-16T22:35:43.583+01:00  INFO 575036 --- [demo] [http-nio-127.0.0.1-8080-exec-2] o.s.web.servlet.DispatcherServlet        : Initializing Servlet 'dispatcherServlet'
2024-03-16T22:35:43.584+01:00  INFO 575036 --- [demo] [http-nio-127.0.0.1-8080-exec-2] o.s.web.servlet.DispatcherServlet        : Completed initialization in 1 ms
2024-03-16T22:35:46.589+01:00  WARN 575036 --- [demo] [http-nio-127.0.0.1-8080-exec-4] o.s.web.servlet.PageNotFound             : No mapping for GET /api/v1/
2024-03-16T22:35:46.594+01:00  WARN 575036 --- [demo] [http-nio-127.0.0.1-8080-exec-4] o.s.web.servlet.PageNotFound             : No endpoint GET /api/v1/.
2024-03-16T22:35:59.789+01:00  INFO 575036 --- [demo] [cluster-ClusterId{value='65f610a76e379a7d613454e3', description='null'}-localhost:27021] org.mongodb.driver.cluster               : Exception in monitor thread while connecting to server localhost:27021

com.mongodb.MongoNodeIsRecoveringException: Command failed with error 11600 (InterruptedAtShutdown): 'interrupted at shutdown' on server localhost:27021. The full response is {"ok": 0.0, "errmsg": "interrupted at shutdown", "code": 11600, "codeName": "InterruptedAtShutdown"}
	at com.mongodb.internal.connection.ProtocolHelper.createSpecialException(ProtocolHelper.java:251) ~[mongodb-driver-core-4.11.1.jar:na]
	at com.mongodb.internal.connection.ProtocolHelper.getCommandFailureException(ProtocolHelper.java:201) ~[mongodb-driver-core-4.11.1.jar:na]
	at com.mongodb.internal.connection.InternalStreamConnection.receiveCommandMessageResponse(InternalStreamConnection.java:454) ~[mongodb-driver-core-4.11.1.jar:na]
	at com.mongodb.internal.connection.InternalStreamConnection.receive(InternalStreamConnection.java:404) ~[mongodb-driver-core-4.11.1.jar:na]
	at com.mongodb.internal.connection.DefaultServerMonitor$ServerMonitorRunnable.lookupServerDescription(DefaultServerMonitor.java:224) ~[mongodb-driver-core-4.11.1.jar:na]
	at com.mongodb.internal.connection.DefaultServerMonitor$ServerMonitorRunnable.run(DefaultServerMonitor.java:156) ~[mongodb-driver-core-4.11.1.jar:na]
	at java.base/java.lang.Thread.run(Thread.java:833) ~[na:na]

2024-03-16T22:36:09.819+01:00  INFO 575036 --- [demo] [cluster-ClusterId{value='65f610a76e379a7d613454e3', description='null'}-localhost:27021] org.mongodb.driver.cluster               : Exception in monitor thread while connecting to server localhost:27021

com.mongodb.MongoSocketOpenException: Exception opening socket
	at com.mongodb.internal.connection.SocketStream.lambda$open$0(SocketStream.java:84) ~[mongodb-driver-core-4.11.1.jar:na]
	at java.base/java.util.Optional.orElseThrow(Optional.java:403) ~[na:na]
	at com.mongodb.internal.connection.SocketStream.open(SocketStream.java:84) ~[mongodb-driver-core-4.11.1.jar:na]
	at com.mongodb.internal.connection.InternalStreamConnection.open(InternalStreamConnection.java:211) ~[mongodb-driver-core-4.11.1.jar:na]
	at com.mongodb.internal.connection.DefaultServerMonitor$ServerMonitorRunnable.lookupServerDescription(DefaultServerMonitor.java:196) ~[mongodb-driver-core-4.11.1.jar:na]
	at com.mongodb.internal.connection.DefaultServerMonitor$ServerMonitorRunnable.run(DefaultServerMonitor.java:156) ~[mongodb-driver-core-4.11.1.jar:na]
	at java.base/java.lang.Thread.run(Thread.java:833) ~[na:na]
Caused by: java.net.ConnectException: Connection refused: no further information
	at java.base/sun.nio.ch.Net.pollConnect(Native Method) ~[na:na]
	at java.base/sun.nio.ch.Net.pollConnectNow(Net.java:672) ~[na:na]
	at java.base/sun.nio.ch.NioSocketImpl.timedFinishConnect(NioSocketImpl.java:542) ~[na:na]
	at java.base/sun.nio.ch.NioSocketImpl.connect(NioSocketImpl.java:597) ~[na:na]
	at java.base/java.net.SocksSocketImpl.connect(SocksSocketImpl.java:327) ~[na:na]
	at java.base/java.net.Socket.connect(Socket.java:633) ~[na:na]
	at com.mongodb.internal.connection.SocketStreamHelper.initialize(SocketStreamHelper.java:76) ~[mongodb-driver-core-4.11.1.jar:na]
	at com.mongodb.internal.connection.SocketStream.initializeSocket(SocketStream.java:104) ~[mongodb-driver-core-4.11.1.jar:na]
	at com.mongodb.internal.connection.SocketStream.open(SocketStream.java:78) ~[mongodb-driver-core-4.11.1.jar:na]
	... 4 common frames omitted

